<?xml version="1.0" encoding="UTF-8"?>
<!-- Generated by org.testng.reporters.JUnitReportReporter -->
<testsuite hostname="lenovo" failures="0" tests="1" name="com.test.LoginAutomation" time="17.133" errors="0" timestamp="09 Mar 2022 10:19:01 GMT" skipped="0">
  <testcase classname="com.test.LoginAutomation" name="login" time="17.133"/>
</testsuite> <!-- com.test.LoginAutomation -->
